Start testing: Jul 17 13:43 UTC
----------------------------------------------------------
1/1 Testing: test_hw_12
1/1 Test: test_hw_12
Command: "/home/travis/build/Alkud/OTUS_HOMEWORK_12/otus_hw_12_test"
Directory: /home/travis/build/Alkud/OTUS_HOMEWORK_12
"test_hw_12" start time: Jul 17 13:43 UTC
Output:
----------------------------------------------------------
Running 5 test cases...
bulk: 1, 2, 3, 4
bulk: 11, 12, 13, 14
bulk: 1, 2, 3, 4
bulk: 11
bulk: 12
bulk: 13
bulk: 14
bulk: 31
bulk: 32
bulk: 33
bulk: 34
bulk: 21
bulk: 22
bulk: 23
bulk: 24
bulk: 41
bulk: 42
bulk: 43
bulk: 44

bulk: 

 PLEASE WAIT! Writing log files... Remain: 1                 
bulk: aSde, 1, 18

*** No errors detected
<end of output>
Test time =   7.01 sec
----------------------------------------------------------
Test Passed.
"test_hw_12" end time: Jul 17 13:43 UTC
"test_hw_12" time elapsed: 00:00:07
----------------------------------------------------------

End testing: Jul 17 13:43 UTC
